Using pre-set license
Built from '2021.3/staging' branch; Version is '2021.3.8f1 (b30333d56e81) revision 11731763'; Using compiler version '192829333'; Build Type 'Release'
OS: 'Windows 10  (10.0.19044) 64bit Core' Language: 'en' Physical Memory: 8139 MB
BatchMode: 1, IsHumanControllingUs: 0, StartBugReporterOnCrash: 0, Is64bit: 1, IsPro: 1

COMMAND LINE ARGUMENTS:
D:\2021.3.8f1\Editor\Unity.exe
-adb2
-batchMode
-noUpm
-name
AssetImportWorker11
-projectPath
D:/PROJECT !
-logFile
Logs/AssetImportWorker11.log
-srvPort
61844
Successfully changed project path to: D:/PROJECT !
D:/PROJECT !
[UnityMemory] Configuration Parameters - Can be set up in boot.config
    "memorysetup-bucket-allocator-granularity=16"
    "memorysetup-bucket-allocator-bucket-count=8"
    "memorysetup-bucket-allocator-block-size=33554432"
    "memorysetup-bucket-allocator-block-count=8"
    "memorysetup-main-allocator-block-size=16777216"
    "memorysetup-thread-allocator-block-size=16777216"
    "memorysetup-gfx-main-allocator-block-size=16777216"
    "memorysetup-gfx-thread-allocator-block-size=16777216"
    "memorysetup-cache-allocator-block-size=4194304"
    "memorysetup-typetree-allocator-block-size=2097152"
    "memorysetup-profiler-bucket-allocator-granularity=16"
    "memorysetup-profiler-bucket-allocator-bucket-count=8"
    "memorysetup-profiler-bucket-allocator-block-size=33554432"
    "memorysetup-profiler-bucket-allocator-block-count=8"
    "memorysetup-profiler-allocator-block-size=16777216"
    "memorysetup-profiler-editor-allocator-block-size=1048576"
    "memorysetup-temp-allocator-size-main=16777216"
    "memorysetup-job-temp-allocator-block-size=2097152"
    "memorysetup-job-temp-allocator-block-size-background=1048576"
    "memorysetup-job-temp-allocator-reduction-small-platforms=262144"
    "memorysetup-temp-allocator-size-background-worker=32768"
    "memorysetup-temp-allocator-size-job-worker=262144"
    "memorysetup-temp-allocator-size-preload-manager=33554432"
    "memorysetup-temp-allocator-size-nav-mesh-worker=65536"
    "memorysetup-temp-allocator-size-audio-worker=65536"
    "memorysetup-temp-allocator-size-cloud-worker=32768"
    "memorysetup-temp-allocator-size-gi-baking-worker=262144"
    "memorysetup-temp-allocator-size-gfx=262144"
Refreshing native plugins compatible for Editor in 88.60 ms, found 3 plugins.
Preloading 0 native plugins for Editor in 0.00 ms.
Initialize engine version: 2021.3.8f1 (b30333d56e81)
[Subsystems] Discovering subsystems at path D:/2021.3.8f1/Editor/Data/Resources/UnitySubsystems
[Subsystems] Discovering subsystems at path D:/PROJECT !/Assets
GfxDevice: creating device client; threaded=0; jobified=0
Direct3D:
    Version:  Direct3D 11.0 [level 11.1]
    Renderer: NVIDIA GeForce GT 1030 (ID=0x1d01)
    Vendor:   NVIDIA
    VRAM:     1982 MB
    Driver:   30.0.15.1215
Initialize mono
Mono path[0] = 'D:/2021.3.8f1/Editor/Data/Managed'
Mono path[1] = 'D:/2021.3.8f1/Editor/Data/MonoBleedingEdge/lib/mono/unityjit-win32'
Mono config path = 'D:/2021.3.8f1/Editor/Data/MonoBleedingEdge/etc'
Using monoOptions --debugger-agent=transport=dt_socket,embedding=1,server=y,suspend=n,address=127.0.0.1:56084
Begin MonoManager ReloadAssembly
Registering precompiled unity dll's ...
Register platform support module: D:/2021.3.8f1/Editor/Data/PlaybackEngines/WebGLSupport/UnityEditor.WebGL.Extensions.dll
Register platform support module: D:/2021.3.8f1/Editor/Data/PlaybackEngines/WindowsStandaloneSupport/UnityEditor.WindowsStandalone.Extensions.dll
Registered in 0.002691 seconds.
Native extension for WindowsStandalone target not found
Native extension for WebGL target not found
Refreshing native plugins compatible for Editor in 81.69 ms, found 3 plugins.
Preloading 0 native plugins for Editor in 0.00 ms.
Mono: successfully reloaded assembly
- Completed reload, in  0.655 seconds
Domain Reload Profiling:
	ReloadAssembly (655ms)
		BeginReloadAssembly (68ms)
			ExecutionOrderSort (0ms)
			DisableScriptedObjects (0ms)
			BackupInstance (0ms)
			ReleaseScriptingObjects (0ms)
			CreateAndSetChildDomain (1ms)
		EndReloadAssembly (458ms)
			LoadAssemblies (67ms)
			RebuildTransferFunctionScriptingTraits (0ms)
			SetupTypeCache (118ms)
			ReleaseScriptCaches (0ms)
			RebuildScriptCaches (28ms)
			SetupLoadedEditorAssemblies (265ms)
				LogAssemblyErrors (0ms)
				InitializePlatformSupportModulesInManaged (7ms)
				SetLoadedEditorAssemblies (0ms)
				RefreshPlugins (82ms)
				BeforeProcessingInitializeOnLoad (1ms)
				ProcessInitializeOnLoadAttributes (132ms)
				ProcessInitializeOnLoadMethodAttributes (43ms)
				AfterProcessingInitializeOnLoad (0ms)
				EditorAssembliesLoaded (0ms)
			ExecutionOrderSort2 (0ms)
			AwakeInstancesAfterBackupRestoration (0ms)
Platform modules already initialized, skipping
Registering precompiled user dll's ...
Registered in 0.005194 seconds.
Begin MonoManager ReloadAssembly
Symbol file LoadedFromMemory doesn't match image D:\PROJECT !\Library\PackageCache\com.unity.visualscripting@1.7.8\Editor\VisualScripting.Core\Dependencies\YamlDotNet\Unity.VisualScripting.YamlDotNet.dll
Symbol file LoadedFromMemory doesn't match image D:\PROJECT !\Library\PackageCache\com.unity.visualscripting@1.7.8\Editor\VisualScripting.Core\Dependencies\DotNetZip\Unity.VisualScripting.IonicZip.dll
Native extension for WindowsStandalone target not found
Native extension for WebGL target not found
Refreshing native plugins compatible for Editor in 0.75 ms, found 3 plugins.
Preloading 0 native plugins for Editor in 0.00 ms.
Mono: successfully reloaded assembly
- Completed reload, in  8.085 seconds
Domain Reload Profiling:
	ReloadAssembly (8086ms)
		BeginReloadAssembly (188ms)
			ExecutionOrderSort (0ms)
			DisableScriptedObjects (7ms)
			BackupInstance (0ms)
			ReleaseScriptingObjects (0ms)
			CreateAndSetChildDomain (82ms)
		EndReloadAssembly (7384ms)
			LoadAssemblies (3635ms)
			RebuildTransferFunctionScriptingTraits (0ms)
			SetupTypeCache (1370ms)
			ReleaseScriptCaches (1ms)
			RebuildScriptCaches (50ms)
			SetupLoadedEditorAssemblies (2283ms)
				LogAssemblyErrors (0ms)
				InitializePlatformSupportModulesInManaged (6ms)
				SetLoadedEditorAssemblies (1ms)
				RefreshPlugins (1ms)
				BeforeProcessingInitializeOnLoad (93ms)
				ProcessInitializeOnLoadAttributes (739ms)
				ProcessInitializeOnLoadMethodAttributes (1440ms)
				AfterProcessingInitializeOnLoad (3ms)
				EditorAssembliesLoaded (0ms)
			ExecutionOrderSort2 (0ms)
			AwakeInstancesAfterBackupRestoration (6ms)
Platform modules already initialized, skipping
========================================================================
Worker process is ready to serve import requests
Launched and connected shader compiler UnityShaderCompiler.exe after 0.07 seconds
Refreshing native plugins compatible for Editor in 1.06 ms, found 3 plugins.
Preloading 0 native plugins for Editor in 0.00 ms.
Unloading 3377 Unused Serialized files (Serialized files now loaded: 0)
Unloading 27 unused Assets / (110.9 KB). Loaded Objects now: 3834.
Memory consumption went from 116.1 MB to 116.0 MB.
Total: 155.910000 ms (FindLiveObjects: 0.413800 ms CreateObjectMapping: 0.089700 ms MarkObjects: 155.231500 ms  DeleteObjects: 0.173200 ms)

AssetImportParameters requested are different than current active one (requested -> active):
  custom:video-decoder-ogg-theora: a1e56fd34408186e4bbccfd4996cb3dc -> 
  custom:container-muxer-webm: aa71ff27fc2769a1b78a27578f13a17b -> 
  custom:container-demuxer-webm: 4f35f7cbe854078d1ac9338744f61a02 -> 
  custom:video-encoder-webm-vp8: eb34c28f22e8b96e1ab97ce403110664 -> 
  custom:audio-encoder-webm-vorbis: bf7c407c2cedff20999df2af8eb42d56 -> 
  custom:framework-win-MediaFoundation: 216162199b28c13a410421893ffa2e32 -> 
  custom:container-demuxer-ogg: 62fdf1f143b41e24485cea50d1cbac27 -> 
  custom:video-decoder-webm-vp8: 9c59270c3fd7afecdb556c50c9e8de78 -> 
  custom:audio-decoder-ogg-vorbis: bf7c407c2cedff20999df2af8eb42d56 -> 
========================================================================
Received Import Request.
  Time since last request: 61190.487231 seconds.
  path: Assets/TheThing.fbx
  artifactKey: Guid(22ca706d5bd506d49a79a856fe9025cd) Importer(815301076,1909f56bfc062723c751e8b465ee728b)
Start importing Assets/TheThing.fbx using Guid(22ca706d5bd506d49a79a856fe9025cd) Importer(815301076,1909f56bfc062723c751e8b465ee728b)  -> (artifact id: '8631137ec4a852c681c7a8d9464e527f') in 1.301380 seconds 
========================================================================
Received Import Request.
  Time since last request: 184.392189 seconds.
  path: Assets/TheThing.fbx
  artifactKey: Guid(22ca706d5bd506d49a79a856fe9025cd) Importer(815301076,1909f56bfc062723c751e8b465ee728b)
Start importing Assets/TheThing.fbx using Guid(22ca706d5bd506d49a79a856fe9025cd) Importer(815301076,1909f56bfc062723c751e8b465ee728b)  -> (artifact id: 'ae800e4bc293e3720f6b3df8d5c9a188') in 0.136164 seconds 
========================================================================
Received Import Request.
  Time since last request: 20.371135 seconds.
  path: Assets
  artifactKey: Guid(00000000000000001000000000000000) Importer(815301076,1909f56bfc062723c751e8b465ee728b)
Start importing Assets using Guid(00000000000000001000000000000000) Importer(815301076,1909f56bfc062723c751e8b465ee728b)  -> (artifact id: '79842766b460edbeab6a34051e857a80') in 0.031925 seconds 
========================================================================
Received Import Request.
  Time since last request: 5.298888 seconds.
  path: Assets/New Piskel - 2022-10-24T120513.758.png
  artifactKey: Guid(8621621a3ea913e49a5750be61e77523) Importer(815301076,1909f56bfc062723c751e8b465ee728b)
Start importing Assets/New Piskel - 2022-10-24T120513.758.png using Guid(8621621a3ea913e49a5750be61e77523) Importer(815301076,1909f56bfc062723c751e8b465ee728b)  -> (artifact id: '689ee76658cc456c80e49ff166331fce') in 0.282079 seconds 
========================================================================
Received Import Request.
  Time since last request: 164.019820 seconds.
  path: Assets/New Piskel - 2022-10-24T120513.758.png
  artifactKey: Guid(8621621a3ea913e49a5750be61e77523) Importer(815301076,1909f56bfc062723c751e8b465ee728b)
Start importing Assets/New Piskel - 2022-10-24T120513.758.png using Guid(8621621a3ea913e49a5750be61e77523) Importer(815301076,1909f56bfc062723c751e8b465ee728b)  -> (artifact id: '4e726274ac1c46b93f096d86859894ec') in 0.027785 seconds 
========================================================================
Received Import Request.
  Time since last request: 9.802806 seconds.
  path: Assets/New Material.mat
  artifactKey: Guid(e8790ac8b8a48bb40a6a3f4592cc05e8) Importer(815301076,1909f56bfc062723c751e8b465ee728b)
Start importing Assets/New Material.mat using Guid(e8790ac8b8a48bb40a6a3f4592cc05e8) Importer(815301076,1909f56bfc062723c751e8b465ee728b)  -> (artifact id: 'a578325206657f0fa23544b40158fdc6') in 0.021080 seconds 
========================================================================
Received Import Request.
  Time since last request: 46.338616 seconds.
  path: Assets/New Piskel - 2022-10-24T120513.758.png
  artifactKey: Guid(8621621a3ea913e49a5750be61e77523) Importer(815301076,1909f56bfc062723c751e8b465ee728b)
Start importing Assets/New Piskel - 2022-10-24T120513.758.png using Guid(8621621a3ea913e49a5750be61e77523) Importer(815301076,1909f56bfc062723c751e8b465ee728b)  -> (artifact id: '4bef38e24eec2fc80d75bae1c5769d12') in 0.017837 seconds 
========================================================================
Received Import Request.
  Time since last request: 7.292752 seconds.
  path: Assets/Scenes
  artifactKey: Guid(6ea315d0fd7389c41b19996891e99ae3) Importer(815301076,1909f56bfc062723c751e8b465ee728b)
Start importing Assets/Scenes using Guid(6ea315d0fd7389c41b19996891e99ae3) Importer(815301076,1909f56bfc062723c751e8b465ee728b)  -> (artifact id: 'b8193726cff86800c54781cdc6d54904') in 0.006070 seconds 
========================================================================
Received Import Request.
  Time since last request: 234.275854 seconds.
  path: Assets/TheThing.fbx
  artifactKey: Guid(22ca706d5bd506d49a79a856fe9025cd) Importer(815301076,1909f56bfc062723c751e8b465ee728b)
Start importing Assets/TheThing.fbx using Guid(22ca706d5bd506d49a79a856fe9025cd) Importer(815301076,1909f56bfc062723c751e8b465ee728b)  -> (artifact id: '4ae58a9960e8eb921f427f34439fbce1') in 0.095040 seconds 
========================================================================
Received Import Request.
  Time since last request: 87.253637 seconds.
  path: Assets/TheThing.fbx
  artifactKey: Guid(22ca706d5bd506d49a79a856fe9025cd) Importer(815301076,1909f56bfc062723c751e8b465ee728b)
Start importing Assets/TheThing.fbx using Guid(22ca706d5bd506d49a79a856fe9025cd) Importer(815301076,1909f56bfc062723c751e8b465ee728b)  -> (artifact id: 'af3b15397cdcde7832e7335bb6dbefc5') in 0.006141 seconds 
========================================================================
Received Import Request.
  Time since last request: 19.076000 seconds.
  path: Assets/TheThing.fbx
  artifactKey: Guid(22ca706d5bd506d49a79a856fe9025cd) Importer(815301076,1909f56bfc062723c751e8b465ee728b)
Start importing Assets/TheThing.fbx using Guid(22ca706d5bd506d49a79a856fe9025cd) Importer(815301076,1909f56bfc062723c751e8b465ee728b)  -> (artifact id: 'c4a16a6e6fd36c5eb3f04291c7679fdb') in 0.045596 seconds 
========================================================================
Received Import Request.
  Time since last request: 11.146295 seconds.
  path: Assets/hfwahf.png
  artifactKey: Guid(bfb240ef879849a418ad124b92a006ac) Importer(815301076,1909f56bfc062723c751e8b465ee728b)
Start importing Assets/hfwahf.png using Guid(bfb240ef879849a418ad124b92a006ac) Importer(815301076,1909f56bfc062723c751e8b465ee728b)  -> (artifact id: '8a4ef4614701a4b2c401c50545e88b6d') in 0.014304 seconds 
========================================================================
Received Import Request.
  Time since last request: 25.448251 seconds.
  path: Assets/New Material.mat
  artifactKey: Guid(e8790ac8b8a48bb40a6a3f4592cc05e8) Importer(815301076,1909f56bfc062723c751e8b465ee728b)
Start importing Assets/New Material.mat using Guid(e8790ac8b8a48bb40a6a3f4592cc05e8) Importer(815301076,1909f56bfc062723c751e8b465ee728b)  -> (artifact id: '2591bd260a9ea4deecf054e0b58232d3') in 0.458831 seconds 
